


ARM Macro Assembler    Page 1 


    1 00000000         ;TW6-SORTING
    2 00000000                 AREA             MAIN,CODE,READONLY
    3 00000000                 ENTRY                        ;Mark first instruc
                                                            tion to execute
    4 00000000 E3A08005        MOV              R8,#5
    5 00000004 E59F2060        LDR              R2,=CVALUE
    6 00000008 E59F3060        LDR              R3,=DVALUE
    7 0000000C         
    8 0000000C E4921004 
                       COPY    LDR              R1,[R2],#4
    9 00000010 E4831004        STR              R1,[R3],#4
   10 00000014 E2588001        SUBS             R8,#1
   11 00000018 1AFFFFFB        BNE              COPY
   12 0000001C         
   13 0000001C E3A05004 
                       START   MOV              R5,#4
   14 00000020 E3A07000        MOV              R7,#0
   15 00000024 E59F1044        LDR              R1,=DVALUE
   16 00000028         
   17 00000028 E4912004 
                       LOOP    LDR              R2,[R1],#4
   18 0000002C E5913000        LDR              R3,[R1]
   19 00000030 E1520003        CMP              R2,R3
   20 00000034 BA000003        BLT              NOSWAP
   21 00000038 E4012004        STR              R2,[R1],#-4
   22 0000003C E5813000        STR              R3,[R1]
   23 00000040 E3A07001        MOV              R7,#1
   24 00000044 E2811004        ADD              R1,#4
   25 00000048         
   26 00000048 E2555001 
                       NOSWAP  SUBS             R5,#1
   27 0000004C 1AFFFFF5        BNE              LOOP
   28 00000050 E3570000        CMP              R7,#0
   29 00000054 1AFFFFF0        BNE              START
   30 00000058         
   31 00000058 EAFFFFFE 
                       L       B                L
   32 0000005C         
   33 0000005C 44444444 
              33333333 
              22222222 
              11111111 CVALUE  DCD              0X44444444, 0X33333333, 0X22222
222, 0X11111111
   34 0000006C 00000000 
              00000000 
              00000000         AREA             DATA1,DATA,READWRITE
   35 00000000 00000000 
                       DVALUE  DCD              0X00000000
   36 00000004                 END
Command Line: --debug --xref --apcs=interwork --depend=.\main.d -o.\main.o -IC:
\Keil\ARM\RV31\INC -IC:\Keil\ARM\CMSIS\Include -IC:\Keil\ARM\Inc\Philips --pred
efine="__EVAL SETA 1" --list=.\main.lst main.s



ARM Macro Assembler    Page 1 Alphabetic symbol ordering
Relocatable symbols

COPY 0000000C

Symbol: COPY
   Definitions
      At line 8 in file main.s
   Uses
      At line 11 in file main.s
Comment: COPY used once
CVALUE 0000005C

Symbol: CVALUE
   Definitions
      At line 33 in file main.s
   Uses
      At line 5 in file main.s
Comment: CVALUE used once
L 00000058

Symbol: L
   Definitions
      At line 31 in file main.s
   Uses
      At line 31 in file main.s
Comment: L used once
LOOP 00000028

Symbol: LOOP
   Definitions
      At line 17 in file main.s
   Uses
      At line 27 in file main.s
Comment: LOOP used once
MAIN 00000000

Symbol: MAIN
   Definitions
      At line 2 in file main.s
   Uses
      None
Comment: MAIN unused
NOSWAP 00000048

Symbol: NOSWAP
   Definitions
      At line 26 in file main.s
   Uses
      At line 20 in file main.s
Comment: NOSWAP used once
START 0000001C

Symbol: START
   Definitions
      At line 13 in file main.s
   Uses
      At line 29 in file main.s
Comment: START used once
7 symbols



ARM Macro Assembler    Page 1 Alphabetic symbol ordering
Relocatable symbols

DATA1 00000000

Symbol: DATA1
   Definitions
      At line 34 in file main.s
   Uses
      None
Comment: DATA1 unused
DVALUE 00000000

Symbol: DVALUE
   Definitions
      At line 35 in file main.s
   Uses
      At line 6 in file main.s
      At line 15 in file main.s

2 symbols
342 symbols in table
